<?xml version="1.0" encoding="UTF-8"?>
<!-- Generated by org.testng.reporters.JUnitXMLReporter -->
<testsuite hostname="TechAviator-PC" name="chrome" tests="1" failures="1" timestamp="21 Apr 2017 18:19:12 GMT" time="8.67" errors="0">
  <testcase name="@AfterMethod teardown" time="0.0" classname="Scenario_Component.Scenario_Login">
    <failure type="java.lang.NullPointerException">
      <![CDATA[java.lang.NullPointerException
	at Generic_Component.Base_Class.teardown(Base_Class.java:88)
... Removed 26 stack frames]]>
    </failure>
  </testcase> <!-- @AfterMethod teardown -->
  <testcase name="testInvalidlogin" time="0.012" classname="Scenario_Component.Scenario_Login">
    <failure type="java.lang.NullPointerException">
      <![CDATA[java.lang.NullPointerException
	at Scenario_Component.Scenario_Login.testInvalidlogin(Scenario_Login.java:25)
... Removed 24 stack frames]]>
    </failure>
  </testcase> <!-- testInvalidlogin -->
</testsuite> <!-- chrome -->
