<?xml version="1.0" encoding="UTF-8"?>
<!-- Generated by org.testng.reporters.JUnitXMLReporter -->
<testsuite hostname="TechAviator-PC" name="RegSet1" tests="1" failures="1" timestamp="21 Apr 2017 04:40:36 GMT" time="11.623" errors="0">
  <testcase name="testInvalidlogin" time="3.277" classname="Scenario_Component.Scenario_Login">
    <failure type="java.lang.AssertionError" message="The following asserts failed:
null">
      <![CDATA[java.lang.AssertionError: The following asserts failed:
null
	at Scenario_Component.Scenario_Login.testInvalidlogin(Scenario_Login.java:51)
... Removed 25 stack frames]]>
    </failure>
  </testcase> <!-- testInvalidlogin -->
</testsuite> <!-- RegSet1 -->
